<?xml version="1.0" encoding="UTF-8"?>
<!-- Generated by org.testng.reporters.JUnitReportReporter -->
<testsuite skipped="0" hostname="SubbaReddy-PC" name="TC006_Authentication" tests="1" failures="0" timestamp="06 Oct 2019 06:56:41 GMT" time="3.242" errors="0">
  <testcase name="authentication" time="3.242" classname="TC006_Authentication"/>
</testsuite> <!-- TC006_Authentication -->
