<?xml version="1.0" encoding="UTF-8"?>
<!-- Generated by org.testng.reporters.JUnitReportReporter -->
<testsuite skipped="0" hostname="SubbaReddy-PC" name="TC004_GET_allHeaders" tests="1" failures="0" timestamp="06 Oct 2019 06:44:01 GMT" time="3.178" errors="0">
  <testcase name="allheaders" time="3.178" classname="TC004_GET_allHeaders"/>
</testsuite> <!-- TC004_GET_allHeaders -->
