<?xml version="1.0" encoding="UTF-8"?>
<!-- Generated by org.testng.reporters.JUnitReportReporter -->
<testsuite skipped="0" hostname="SubbaReddy-PC" name="TC002_POST" tests="1" failures="0" timestamp="06 Oct 2019 06:31:10 GMT" time="4.138" errors="0">
  <testcase name="registration" time="4.138" classname="TC002_POST"/>
</testsuite> <!-- TC002_POST -->
