<?xml version="1.0" encoding="UTF-8"?>
<!-- Generated by org.testng.reporters.JUnitReportReporter -->
<testsuite skipped="0" hostname="SubbaReddy-PC" name="TC005_VerifyResponseBody" tests="1" failures="0" timestamp="06 Oct 2019 06:48:21 GMT" time="4.196" errors="0">
  <testcase name="verifyResponseBody" time="4.196" classname="TC005_VerifyResponseBody"/>
</testsuite> <!-- TC005_VerifyResponseBody -->
