<?xml version="1.0" encoding="UTF-8"?>
<!-- Generated by org.testng.reporters.JUnitReportReporter -->
<testsuite skipped="0" hostname="SubbaReddy-PC" name="TC003_GET_verifyHeader" tests="1" failures="0" timestamp="05 Oct 2019 15:45:01 GMT" time="3.089" errors="0">
  <testcase name="verifySingleHeader" time="3.089" classname="TC003_GET_verifyHeader"/>
</testsuite> <!-- TC003_GET_verifyHeader -->
